# JRE version: Java(TM) SE Runtime Environment (8.0_131-b11) (build 1.8.0_131-b11)
# Java VM: Java HotSpot(TM) 64-Bit Server VM (25.131-b11 mixed mode linux-amd64 compressed oops)
Heap:
 PSYoungGen      total 460800K, used 7857K [0x000000076ca00000, 0x000000078ae00000, 0x00000007c0000000)
  eden space 449024K, 0% used [0x000000076ca00000,0x000000076ca00000,0x0000000788080000)
  from space 11776K, 66% used [0x0000000788080000,0x000000078882c470,0x0000000788c00000)
  to   space 12288K, 0% used [0x0000000788c00000,0x0000000788c00000,0x0000000789800000)
 ParOldGen       total 102400K, used 11311K [0x00000006c5e00000, 0x00000006cc200000, 0x000000076ca00000)
  object space 102400K, 11% used [0x00000006c5e00000,0x00000006c690bfd0,0x00000006cc200000)
 Metaspace       used 42737K, capacity 43424K, committed 43648K, reserved 1087488K
  class space    used 6046K, capacity 6217K, committed 6272K, reserved 1048576K
GC Heap History (10 events):
Event: 6,283 GC heap after
Heap after GC invocations=4 (full 1):
 PSYoungGen      total 139776K, used 0K [0x000000076ca00000, 0x000000077db00000, 0x00000007c0000000)
  eden space 129024K, 0% used [0x000000076ca00000,0x000000076ca00000,0x0000000774800000)
  from space 10752K, 0% used [0x0000000774800000,0x0000000774800000,0x0000000775280000)
  to   space 10752K, 0% used [0x000000077d080000,0x000000077d080000,0x000000077db00000)
 ParOldGen       total 84992K, used 5729K [0x00000006c5e00000, 0x00000006cb100000, 0x000000076ca00000)
  object space 84992K, 6% used [0x00000006c5e00000,0x00000006c63987b8,0x00000006cb100000)
 Metaspace       used 20989K, capacity 21138K, committed 21248K, reserved 1067008K
  class space    used 2928K, capacity 2991K, committed 3072K, reserved 1048576K
}
Event: 7,925 GC heap before
{Heap before GC invocations=5 (full 1):
 PSYoungGen      total 139776K, used 129024K [0x000000076ca00000, 0x000000077db00000, 0x00000007c0000000)
  eden space 129024K, 100% used [0x000000076ca00000,0x0000000774800000,0x0000000774800000)
  from space 10752K, 0% used [0x0000000774800000,0x0000000774800000,0x0000000775280000)
  to   space 10752K, 0% used [0x000000077d080000,0x000000077d080000,0x000000077db00000)
 ParOldGen       total 84992K, used 5729K [0x00000006c5e00000, 0x00000006cb100000, 0x000000076ca00000)
  object space 84992K, 6% used [0x00000006c5e00000,0x00000006c63987b8,0x00000006cb100000)
 Metaspace       used 30718K, capacity 30922K, committed 31104K, reserved 1075200K
  class space    used 4306K, capacity 4371K, committed 4480K, reserved 1048576K
Event: 8,034 GC heap after
Heap after GC invocations=5 (full 1):
 PSYoungGen      total 253440K, used 10730K [0x000000076ca00000, 0x000000077db00000, 0x00000007c0000000)
  eden space 242688K, 0% used [0x000000076ca00000,0x000000076ca00000,0x000000077b700000)
  from space 10752K, 99% used [0x000000077d080000,0x000000077dafab58,0x000000077db00000)
  to   space 10752K, 0% used [0x000000077c600000,0x000000077c600000,0x000000077d080000)
 ParOldGen       total 84992K, used 7170K [0x00000006c5e00000, 0x00000006cb100000, 0x000000076ca00000)
  object space 84992K, 8% used [0x00000006c5e00000,0x00000006c6500b08,0x00000006cb100000)
 Metaspace       used 30718K, capacity 30922K, committed 31104K, reserved 1075200K
  class space    used 4306K, capacity 4371K, committed 4480K, reserved 1048576K
}
Event: 18,595 GC heap before
{Heap before GC invocations=6 (full 1):
 PSYoungGen      total 253440K, used 89289K [0x000000076ca00000, 0x000000077db00000, 0x00000007c0000000)
  eden space 242688K, 32% used [0x000000076ca00000,0x00000007716b7948,0x000000077b700000)
  from space 10752K, 99% used [0x000000077d080000,0x000000077dafab58,0x000000077db00000)
  to   space 10752K, 0% used [0x000000077c600000,0x000000077c600000,0x000000077d080000)
 ParOldGen       total 84992K, used 7170K [0x00000006c5e00000, 0x00000006cb100000, 0x000000076ca00000)
  object space 84992K, 8% used [0x00000006c5e00000,0x00000006c6500b08,0x00000006cb100000)
 Metaspace       used 35058K, capacity 35368K, committed 35416K, reserved 1079296K
  class space    used 4985K, capacity 5088K, committed 5120K, reserved 1048576K
Event: 18,615 GC heap after
Heap after GC invocations=6 (full 1):
 PSYoungGen      total 268800K, used 7372K [0x000000076ca00000, 0x0000000789800000, 0x00000007c0000000)
  eden space 258048K, 0% used [0x000000076ca00000,0x000000076ca00000,0x000000077c600000)
  from space 10752K, 68% used [0x000000077c600000,0x000000077cd333d8,0x000000077d080000)
  to   space 12288K, 0% used [0x0000000788c00000,0x0000000788c00000,0x0000000789800000)
 ParOldGen       total 84992K, used 7178K [0x00000006c5e00000, 0x00000006cb100000, 0x000000076ca00000)
  object space 84992K, 8% used [0x00000006c5e00000,0x00000006c6502b08,0x00000006cb100000)
 Metaspace       used 35058K, capacity 35368K, committed 35416K, reserved 1079296K
  class space    used 4985K, capacity 5088K, committed 5120K, reserved 1048576K
}
Event: 18,615 GC heap before
{Heap before GC invocations=7 (full 2):
 PSYoungGen      total 268800K, used 7372K [0x000000076ca00000, 0x0000000789800000, 0x00000007c0000000)
  eden space 258048K, 0% used [0x000000076ca00000,0x000000076ca00000,0x000000077c600000)
  from space 10752K, 68% used [0x000000077c600000,0x000000077cd333d8,0x000000077d080000)
  to   space 12288K, 0% used [0x0000000788c00000,0x0000000788c00000,0x0000000789800000)
 ParOldGen       total 84992K, used 7178K [0x00000006c5e00000, 0x00000006cb100000, 0x000000076ca00000)
  object space 84992K, 8% used [0x00000006c5e00000,0x00000006c6502b08,0x00000006cb100000)
 Metaspace       used 35058K, capacity 35368K, committed 35416K, reserved 1079296K
  class space    used 4985K, capacity 5088K, committed 5120K, reserved 1048576K
Event: 18,646 GC heap after
Heap after GC invocations=7 (full 2):
 PSYoungGen      total 268800K, used 0K [0x000000076ca00000, 0x0000000789800000, 0x00000007c0000000)
  eden space 258048K, 0% used [0x000000076ca00000,0x000000076ca00000,0x000000077c600000)
  from space 10752K, 0% used [0x000000077c600000,0x000000077c600000,0x000000077d080000)
  to   space 12288K, 0% used [0x0000000788c00000,0x0000000788c00000,0x0000000789800000)
 ParOldGen       total 102400K, used 11287K [0x00000006c5e00000, 0x00000006cc200000, 0x000000076ca00000)
  object space 102400K, 11% used [0x00000006c5e00000,0x00000006c6905fc0,0x00000006cc200000)
 Metaspace       used 35039K, capacity 35338K, committed 35416K, reserved 1079296K
  class space    used 4982K, capacity 5083K, committed 5120K, reserved 1048576K
}
Event: 144,795 GC heap before
{Heap before GC invocations=8 (full 2):
 PSYoungGen      total 268800K, used 254197K [0x000000076ca00000, 0x0000000789800000, 0x00000007c0000000)
  eden space 258048K, 98% used [0x000000076ca00000,0x000000077c23d448,0x000000077c600000)
  from space 10752K, 0% used [0x000000077c600000,0x000000077c600000,0x000000077d080000)
  to   space 12288K, 0% used [0x0000000788c00000,0x0000000788c00000,0x0000000789800000)
 ParOldGen       total 102400K, used 11287K [0x00000006c5e00000, 0x00000006cc200000, 0x000000076ca00000)
  object space 102400K, 11% used [0x00000006c5e00000,0x00000006c6905fc0,0x00000006cc200000)
 Metaspace       used 41066K, capacity 41568K, committed 41728K, reserved 1085440K
  class space    used 5915K, capacity 6069K, committed 6144K, reserved 1048576K
Event: 144,866 GC heap after
Heap after GC invocations=8 (full 2):
 PSYoungGen      total 461312K, used 6990K [0x000000076ca00000, 0x000000078ae00000, 0x00000007c0000000)
  eden space 449024K, 0% used [0x000000076ca00000,0x000000076ca00000,0x0000000788080000)
  from space 12288K, 56% used [0x0000000788c00000,0x00000007892d38f0,0x0000000789800000)
  to   space 11776K, 0% used [0x0000000788080000,0x0000000788080000,0x0000000788c00000)
 ParOldGen       total 102400K, used 11295K [0x00000006c5e00000, 0x00000006cc200000, 0x000000076ca00000)
  object space 102400K, 11% used [0x00000006c5e00000,0x00000006c6907fc0,0x00000006cc200000)
 Metaspace       used 41066K, capacity 41568K, committed 41728K, reserved 1085440K
  class space    used 5915K, capacity 6069K, committed 6144K, reserved 1048576K
}
Event: 820,604 GC heap before
{Heap before GC invocations=9 (full 2):
 PSYoungGen      total 461312K, used 456014K [0x000000076ca00000, 0x000000078ae00000, 0x00000007c0000000)
  eden space 449024K, 100% used [0x000000076ca00000,0x0000000788080000,0x0000000788080000)
  from space 12288K, 56% used [0x0000000788c00000,0x00000007892d38f0,0x0000000789800000)
  to   space 11776K, 0% used [0x0000000788080000,0x0000000788080000,0x0000000788c00000)
 ParOldGen       total 102400K, used 11295K [0x00000006c5e00000, 0x00000006cc200000, 0x000000076ca00000)
  object space 102400K, 11% used [0x00000006c5e00000,0x00000006c6907fc0,0x00000006cc200000)
 Metaspace       used 42737K, capacity 43424K, committed 43648K, reserved 1087488K
  class space    used 6046K, capacity 6217K, committed 6272K, reserved 1048576K

